23:04:41 **** Incremental Build of configuration Debug for project kyber-client ****
make pre-build main-build 
a9-linaro-pre-build-step
 
Building file: ../src/include/cbd.c
Invoking: ARM v7 gcc compiler
arm-none-eabi-gcc -Wall -O0 -g3 -c -fmessage-length=0 -MT"src/include/cbd.o" -mcpu=cortex-a9 -mfpu=vfpv3 -mfloat-abi=hard -I../../kyber-client_bsp/ps7_cortexa9_0/include -MMD -MP -MF"src/include/cbd.d" -MT"src/include/cbd.o" -o "src/include/cbd.o" "../src/include/cbd.c"
In file included from ../src/include/test_kem.h:16,
                 from ../src/include/global_def.h:34,
                 from ../src/include/poly.h:5,
                 from ../src/include/cbd.h:6,
                 from ../src/include/cbd.c:3:
../src/include/global_def.h:153:1: warning: multi-line comment [-Wcomment]
 //#define print_debug(debugLevel, ...) \
 ^
In file included from ../src/include/poly.h:5,
                 from ../src/include/cbd.h:6,
                 from ../src/include/cbd.c:3:
../src/include/global_def.h: In function 'smw3000DecipherDataStruct':
../src/include/global_def.h:153:1: warning: multi-line comment [-Wcomment]
 //#define print_debug(debugLevel, ...) \
 ^
../src/include/global_def.h:228:1: warning: empty declaration
 enum state
 ^~~~
In file included from ../src/include/cbd.h:6,
                 from ../src/include/cbd.c:3:
../src/include/poly.h:14:3: error: storage class specified for parameter 'poly'
 } poly;
   ^~~~
../src/include/poly.h:17:64: warning: type defaults to 'int' in declaration of 'poly' [-Wimplicit-int]
 void poly_compress(uint8_t r[KYBER_POLYCOMPRESSEDBYTES], const poly *a);
                                                                ^~~~
../src/include/poly.h:17:69: error: expected ';', ',' or ')' before '*' token
 void poly_compress(uint8_t r[KYBER_POLYCOMPRESSEDBYTES], const poly *a);
                                                                     ^
../src/include/poly.h:19:22: error: expected declaration specifiers or '...' before 'poly'
 void poly_decompress(poly *r, const uint8_t a[KYBER_POLYCOMPRESSEDBYTES]);
                      ^~~~
../src/include/poly.h:22:53: warning: type defaults to 'int' in declaration of 'poly' [-Wimplicit-int]
 void poly_tobytes(uint8_t r[KYBER_POLYBYTES], const poly *a);
                                                     ^~~~
../src/include/poly.h:22:58: error: expected ';', ',' or ')' before '*' token
 void poly_tobytes(uint8_t r[KYBER_POLYBYTES], const poly *a);
                                                          ^
../src/include/poly.h:24:21: error: expected declaration specifiers or '...' before 'poly'
 void poly_frombytes(poly *r, const uint8_t a[KYBER_POLYBYTES]);
                     ^~~~
../src/include/poly.h:27:19: error: expected declaration specifiers or '...' before 'poly'
 void poly_frommsg(poly *r, const uint8_t msg[KYBER_INDCPA_MSGBYTES]);
                   ^~~~
../src/include/poly.h:29:59: warning: type defaults to 'int' in declaration of 'poly' [-Wimplicit-int]
 void poly_tomsg(uint8_t msg[KYBER_INDCPA_MSGBYTES], const poly *r);
                                                           ^~~~
../src/include/poly.h:29:64: error: expected ';', ',' or ')' before '*' token
 void poly_tomsg(uint8_t msg[KYBER_INDCPA_MSGBYTES], const poly *r);
                                                                ^
../src/include/poly.h:32:25: error: expected declaration specifiers or '...' before 'poly'
 void poly_getnoise_eta1(poly *r, const uint8_t seed[KYBER_SYMBYTES], uint8_t nonce);
                         ^~~~
../src/include/poly.h:35:25: error: expected declaration specifiers or '...' before 'poly'
 void poly_getnoise_eta2(poly *r, const uint8_t seed[KYBER_SYMBYTES], uint8_t nonce);
                         ^~~~
../src/include/poly.h:38:15: error: expected declaration specifiers or '...' before 'poly'
 void poly_ntt(poly *r);
               ^~~~
../src/include/poly.h:40:25: error: expected declaration specifiers or '...' before 'poly'
 void poly_invntt_tomont(poly *r);
                         ^~~~
../src/include/poly.h:42:30: error: expected declaration specifiers or '...' before 'poly'
 void poly_basemul_montgomery(poly *r, const poly *a, const poly *b);
                              ^~~~
../src/include/poly.h:42:45: warning: type defaults to 'int' in declaration of 'poly' [-Wimplicit-int]
 void poly_basemul_montgomery(poly *r, const poly *a, const poly *b);
                                             ^~~~
../src/include/poly.h:42:50: error: expected ';', ',' or ')' before '*' token
 void poly_basemul_montgomery(poly *r, const poly *a, const poly *b);
                                                  ^
../src/include/poly.h:44:18: error: expected declaration specifiers or '...' before 'poly'
 void poly_tomont(poly *r);
                  ^~~~
../src/include/poly.h:46:21: error: expected declaration specifiers or '...' before 'poly'
 void poly_tomont_sw(poly *r);
                     ^~~~
../src/include/poly.h:47:21: error: expected declaration specifiers or '...' before 'poly'
 void poly_tomont_hw(poly *r);
                     ^~~~
../src/include/poly.h:50:18: error: expected declaration specifiers or '...' before 'poly'
 void poly_reduce(poly *r);
                  ^~~~
../src/include/poly.h:53:15: error: expected declaration specifiers or '...' before 'poly'
 void poly_add(poly *r, const poly *a, const poly *b);
               ^~~~
../src/include/poly.h:53:30: warning: type defaults to 'int' in declaration of 'poly' [-Wimplicit-int]
 void poly_add(poly *r, const poly *a, const poly *b);
                              ^~~~
../src/include/poly.h:53:35: error: expected ';', ',' or ')' before '*' token
 void poly_add(poly *r, const poly *a, const poly *b);
                                   ^
../src/include/poly.h:55:15: error: expected declaration specifiers or '...' before 'poly'
 void poly_sub(poly *r, const poly *a, const poly *b);
               ^~~~
../src/include/poly.h:55:30: warning: type defaults to 'int' in declaration of 'poly' [-Wimplicit-int]
 void poly_sub(poly *r, const poly *a, const poly *b);
                              ^~~~
../src/include/poly.h:55:35: error: expected ';', ',' or ')' before '*' token
 void poly_sub(poly *r, const poly *a, const poly *b);
                                   ^
In file included from ../src/include/cbd.c:3:
../src/include/cbd.h:9:20: error: expected declaration specifiers or '...' before 'poly'
 void poly_cbd_eta1(poly *r, const uint8_t buf[KYBER_ETA1*KYBER_N/4]);
                    ^~~~
../src/include/cbd.h:12:20: error: expected declaration specifiers or '...' before 'poly'
 void poly_cbd_eta2(poly *r, const uint8_t buf[KYBER_ETA2*KYBER_N/4]);
                    ^~~~
../src/include/cbd.c:16:1: error: expected '=', ',', ';', 'asm' or '__attribute__' before '{' token
 {
 ^
../src/include/cbd.c:38:1: error: expected '=', ',', ';', 'asm' or '__attribute__' before '{' token
 {
 ^
../src/include/cbd.c:58:18: error: expected declaration specifiers or '...' before 'poly'
 static void cbd2(poly *r, const uint8_t buf[2*KYBER_N/4])
                  ^~~~
../src/include/cbd.c:89:18: error: expected declaration specifiers or '...' before 'poly'
 static void cbd3(poly *r, const uint8_t buf[3*KYBER_N/4])
                  ^~~~
../src/include/cbd.c:110:20: error: expected declaration specifiers or '...' before 'poly'
 void poly_cbd_eta1(poly *r, const uint8_t buf[KYBER_ETA1*KYBER_N/4])
                    ^~~~
../src/include/cbd.c:121:20: error: expected declaration specifiers or '...' before 'poly'
 void poly_cbd_eta2(poly *r, const uint8_t buf[KYBER_ETA2*KYBER_N/4])
                    ^~~~
In file included from ../src/include/global_def.h:38,
                 from ../src/include/poly.h:5,
                 from ../src/include/cbd.h:6,
                 from ../src/include/cbd.c:3:
../src/include/weg_smw3000.h:92:5: error: old-style parameter declarations in prototyped function definition
 u32 smw3000DecipherDataStruct(u8 * u8Keystream)
     ^~~~~~~~~~~~~~~~~~~~~~~~~
../src/include/cbd.c:129: error: expected '{' at end of input
../src/include/cbd.c:128:1: warning: control reaches end of non-void function [-Wreturn-type]
 }
 ^
make: *** [src/include/subdir.mk:71: src/include/cbd.o] Error 1
23:04:48 **** Incremental Build of configuration Debug for project kyber-client ****
make pre-build main-build 
a9-linaro-pre-build-step
 
Building file: ../src/include/cbd.c
Invoking: ARM v7 gcc compiler
arm-none-eabi-gcc -Wall -O0 -g3 -c -fmessage-length=0 -MT"src/include/cbd.o" -mcpu=cortex-a9 -mfpu=vfpv3 -mfloat-abi=hard -I../../kyber-client_bsp/ps7_cortexa9_0/include -MMD -MP -MF"src/include/cbd.d" -MT"src/include/cbd.o" -o "src/include/cbd.o" "../src/include/cbd.c"
In file included from ../src/include/test_kem.h:16,
                 from ../src/include/global_def.h:34,
                 from ../src/include/poly.h:5,
                 from ../src/include/cbd.h:6,
                 from ../src/include/cbd.c:3:
../src/include/global_def.h:153:1: warning: multi-line comment [-Wcomment]
 //#define print_debug(debugLevel, ...) \
 ^
In file included from ../src/include/poly.h:5,
                 from ../src/include/cbd.h:6,
                 from ../src/include/cbd.c:3:
../src/include/global_def.h: In function 'smw3000DecipherDataStruct':
../src/include/global_def.h:153:1: warning: multi-line comment [-Wcomment]
 //#define print_debug(debugLevel, ...) \
 ^
../src/include/global_def.h:228:1: warning: empty declaration
 enum state
 ^~~~
In file included from ../src/include/cbd.h:6,
                 from ../src/include/cbd.c:3:
../src/include/poly.h:14:3: error: storage class specified for parameter 'poly'
 } poly;
   ^~~~
../src/include/poly.h:17:64: warning: type defaults to 'int' in declaration of 'poly' [-Wimplicit-int]
 void poly_compress(uint8_t r[KYBER_POLYCOMPRESSEDBYTES], const poly *a);
                                                                ^~~~
../src/include/poly.h:17:69: error: expected ';', ',' or ')' before '*' token
 void poly_compress(uint8_t r[KYBER_POLYCOMPRESSEDBYTES], const poly *a);
                                                                     ^
../src/include/poly.h:19:22: error: expected declaration specifiers or '...' before 'poly'
 void poly_decompress(poly *r, const uint8_t a[KYBER_POLYCOMPRESSEDBYTES]);
                      ^~~~
../src/include/poly.h:22:53: warning: type defaults to 'int' in declaration of 'poly' [-Wimplicit-int]
 void poly_tobytes(uint8_t r[KYBER_POLYBYTES], const poly *a);
                                                     ^~~~
../src/include/poly.h:22:58: error: expected ';', ',' or ')' before '*' token
 void poly_tobytes(uint8_t r[KYBER_POLYBYTES], const poly *a);
                                                          ^
../src/include/poly.h:24:21: error: expected declaration specifiers or '...' before 'poly'
 void poly_frombytes(poly *r, const uint8_t a[KYBER_POLYBYTES]);
                     ^~~~
../src/include/poly.h:27:19: error: expected declaration specifiers or '...' before 'poly'
 void poly_frommsg(poly *r, const uint8_t msg[KYBER_INDCPA_MSGBYTES]);
                   ^~~~
../src/include/poly.h:29:59: warning: type defaults to 'int' in declaration of 'poly' [-Wimplicit-int]
 void poly_tomsg(uint8_t msg[KYBER_INDCPA_MSGBYTES], const poly *r);
                                                           ^~~~
../src/include/poly.h:29:64: error: expected ';', ',' or ')' before '*' token
 void poly_tomsg(uint8_t msg[KYBER_INDCPA_MSGBYTES], const poly *r);
                                                                ^
../src/include/poly.h:32:25: error: expected declaration specifiers or '...' before 'poly'
 void poly_getnoise_eta1(poly *r, const uint8_t seed[KYBER_SYMBYTES], uint8_t nonce);
                         ^~~~
../src/include/poly.h:35:25: error: expected declaration specifiers or '...' before 'poly'
 void poly_getnoise_eta2(poly *r, const uint8_t seed[KYBER_SYMBYTES], uint8_t nonce);
                         ^~~~
../src/include/poly.h:38:15: error: expected declaration specifiers or '...' before 'poly'
 void poly_ntt(poly *r);
               ^~~~
../src/include/poly.h:40:25: error: expected declaration specifiers or '...' before 'poly'
 void poly_invntt_tomont(poly *r);
                         ^~~~
../src/include/poly.h:42:30: error: expected declaration specifiers or '...' before 'poly'
 void poly_basemul_montgomery(poly *r, const poly *a, const poly *b);
                              ^~~~
../src/include/poly.h:42:45: warning: type defaults to 'int' in declaration of 'poly' [-Wimplicit-int]
 void poly_basemul_montgomery(poly *r, const poly *a, const poly *b);
                                             ^~~~
../src/include/poly.h:42:50: error: expected ';', ',' or ')' before '*' token
 void poly_basemul_montgomery(poly *r, const poly *a, const poly *b);
                                                  ^
../src/include/poly.h:44:18: error: expected declaration specifiers or '...' before 'poly'
 void poly_tomont(poly *r);
                  ^~~~
../src/include/poly.h:46:21: error: expected declaration specifiers or '...' before 'poly'
 void poly_tomont_sw(poly *r);
                     ^~~~
../src/include/poly.h:47:21: error: expected declaration specifiers or '...' before 'poly'
 void poly_tomont_hw(poly *r);
                     ^~~~
../src/include/poly.h:50:18: error: expected declaration specifiers or '...' before 'poly'
 void poly_reduce(poly *r);
                  ^~~~
../src/include/poly.h:53:15: error: expected declaration specifiers or '...' before 'poly'
 void poly_add(poly *r, const poly *a, const poly *b);
               ^~~~
../src/include/poly.h:53:30: warning: type defaults to 'int' in declaration of 'poly' [-Wimplicit-int]
 void poly_add(poly *r, const poly *a, const poly *b);
                              ^~~~
../src/include/poly.h:53:35: error: expected ';', ',' or ')' before '*' token
 void poly_add(poly *r, const poly *a, const poly *b);
                                   ^
../src/include/poly.h:55:15: error: expected declaration specifiers or '...' before 'poly'
 void poly_sub(poly *r, const poly *a, const poly *b);
               ^~~~
../src/include/poly.h:55:30: warning: type defaults to 'int' in declaration of 'poly' [-Wimplicit-int]
 void poly_sub(poly *r, const poly *a, const poly *b);
                              ^~~~
../src/include/poly.h:55:35: error: expected ';', ',' or ')' before '*' token
 void poly_sub(poly *r, const poly *a, const poly *b);
                                   ^
In file included from ../src/include/cbd.c:3:
../src/include/cbd.h:9:20: error: expected declaration specifiers or '...' before 'poly'
 void poly_cbd_eta1(poly *r, const uint8_t buf[KYBER_ETA1*KYBER_N/4]);
                    ^~~~
../src/include/cbd.h:12:20: error: expected declaration specifiers or '...' before 'poly'
 void poly_cbd_eta2(poly *r, const uint8_t buf[KYBER_ETA2*KYBER_N/4]);
                    ^~~~
../src/include/cbd.c:16:1: error: expected '=', ',', ';', 'asm' or '__attribute__' before '{' token
 {
 ^
../src/include/cbd.c:38:1: error: expected '=', ',', ';', 'asm' or '__attribute__' before '{' token
 {
 ^
../src/include/cbd.c:58:18: error: expected declaration specifiers or '...' before 'poly'
 static void cbd2(poly *r, const uint8_t buf[2*KYBER_N/4])
                  ^~~~
../src/include/cbd.c:89:18: error: expected declaration specifiers or '...' before 'poly'
 static void cbd3(poly *r, const uint8_t buf[3*KYBER_N/4])
                  ^~~~
../src/include/cbd.c:110:20: error: expected declaration specifiers or '...' before 'poly'
 void poly_cbd_eta1(poly *r, const uint8_t buf[KYBER_ETA1*KYBER_N/4])
                    ^~~~
../src/include/cbd.c:121:20: error: expected declaration specifiers or '...' before 'poly'
 void poly_cbd_eta2(poly *r, const uint8_t buf[KYBER_ETA2*KYBER_N/4])
                    ^~~~
In file included from ../src/include/global_def.h:38,
                 from ../src/include/poly.h:5,
                 from ../src/include/cbd.h:6,
                 from ../src/include/cbd.c:3:
../src/include/weg_smw3000.h:92:5: error: old-style parameter declarations in prototyped function definition
 u32 smw3000DecipherDataStruct(u8 * u8Keystream)
     ^~~~~~~~~~~~~~~~~~~~~~~~~
../src/include/cbd.c:129: error: expected '{' at end of input
../src/include/cbd.c:128:1: warning: control reaches end of non-void function [-Wreturn-type]
 }
 ^
make: *** [src/include/subdir.mk:71: src/include/cbd.o] Error 1
23:05:05 **** Incremental Build of configuration Debug for project kyber-client ****
make pre-build main-build 
a9-linaro-pre-build-step
 
Building file: ../src/include/cbd.c
Invoking: ARM v7 gcc compiler
arm-none-eabi-gcc -Wall -O0 -g3 -c -fmessage-length=0 -MT"src/include/cbd.o" -mcpu=cortex-a9 -mfpu=vfpv3 -mfloat-abi=hard -I../../kyber-client_bsp/ps7_cortexa9_0/include -MMD -MP -MF"src/include/cbd.d" -MT"src/include/cbd.o" -o "src/include/cbd.o" "../src/include/cbd.c"
In file included from ../src/include/test_kem.h:16,
                 from ../src/include/global_def.h:34,
                 from ../src/include/poly.h:5,
                 from ../src/include/cbd.h:6,
                 from ../src/include/cbd.c:3:
../src/include/global_def.h:153:1: warning: multi-line comment [-Wcomment]
 //#define print_debug(debugLevel, ...) \
 ^
In file included from ../src/include/poly.h:5,
                 from ../src/include/cbd.h:6,
                 from ../src/include/cbd.c:3:
../src/include/global_def.h:153:1: warning: multi-line comment [-Wcomment]
 //#define print_debug(debugLevel, ...) \
 ^
Finished building: ../src/include/cbd.c
 
Building file: ../src/include/fips202.c
Invoking: ARM v7 gcc compiler
arm-none-eabi-gcc -Wall -O0 -g3 -c -fmessage-length=0 -MT"src/include/fips202.o" -mcpu=cortex-a9 -mfpu=vfpv3 -mfloat-abi=hard -I../../kyber-client_bsp/ps7_cortexa9_0/include -MMD -MP -MF"src/include/fips202.d" -MT"src/include/fips202.o" -o "src/include/fips202.o" "../src/include/fips202.c"
In file included from ../src/include/test_kem.h:16,
                 from ../src/include/global_def.h:34,
                 from ../src/include/fips202.h:6,
                 from ../src/include/fips202.c:8:
../src/include/global_def.h:153:1: warning: multi-line comment [-Wcomment]
 //#define print_debug(debugLevel, ...) \
 ^
In file included from ../src/include/fips202.h:6,
                 from ../src/include/fips202.c:8:
../src/include/global_def.h:153:1: warning: multi-line comment [-Wcomment]
 //#define print_debug(debugLevel, ...) \
 ^
Finished building: ../src/include/fips202.c
 
Building file: ../src/include/global_func.c
Invoking: ARM v7 gcc compiler
arm-none-eabi-gcc -Wall -O0 -g3 -c -fmessage-length=0 -MT"src/include/global_func.o" -mcpu=cortex-a9 -mfpu=vfpv3 -mfloat-abi=hard -I../../kyber-client_bsp/ps7_cortexa9_0/include -MMD -MP -MF"src/include/global_func.d" -MT"src/include/global_func.o" -o "src/include/global_func.o" "../src/include/global_func.c"
In file included from ../src/include/test_kem.h:16,
                 from ../src/include/global_def.h:34,
                 from ../src/include/global_func.c:8:
../src/include/global_def.h:153:1: warning: multi-line comment [-Wcomment]
 //#define print_debug(debugLevel, ...) \
 ^
In file included from ../src/include/global_func.c:8:
../src/include/global_def.h:153:1: warning: multi-line comment [-Wcomment]
 //#define print_debug(debugLevel, ...) \
 ^
../src/include/global_func.c: In function 'getChipTemperature':
../src/include/global_func.c:37:8: warning: variable 'TempData' set but not used [-Wunused-but-set-variable]
  float TempData;
        ^~~~~~~~
In file included from ../src/include/global_func.c:8:
../src/include/global_func.c: In function 'printTimeVariables':
../src/include/global_def.h:162:11: warning: format '%x' expects argument of type 'unsigned int', but argument 7 has type 'u32' {aka 'long unsigned int'} [-Wformat=]
    printf("%s:%d:%s() | " fmt, __FILE__, __LINE__, __func__, ## __VA_ARGS__); \
           ^~~~~~~~~~~~~~~
../src/include/global_func.c:197:2: note: in expansion of macro 'print_debug'
  print_debug(DEBUG_TIME, "[TIME] u32Cycles: %lu | n: %d | u32SystemState: 0x%x\n", u32Cycles, n, u32SystemState);
  ^~~~~~~~~~~
../src/include/global_func.c:197:78: note: format string is defined here
  print_debug(DEBUG_TIME, "[TIME] u32Cycles: %lu | n: %d | u32SystemState: 0x%x\n", u32Cycles, n, u32SystemState);
                                                                             ~^
                                                                             %lx
Finished building: ../src/include/global_func.c
 
Building file: ../src/include/indcpa.c
Invoking: ARM v7 gcc compiler
arm-none-eabi-gcc -Wall -O0 -g3 -c -fmessage-length=0 -MT"src/include/indcpa.o" -mcpu=cortex-a9 -mfpu=vfpv3 -mfloat-abi=hard -I../../kyber-client_bsp/ps7_cortexa9_0/include -MMD -MP -MF"src/include/indcpa.d" -MT"src/include/indcpa.o" -o "src/include/indcpa.o" "../src/include/indcpa.c"
In file included from ../src/include/test_kem.h:16,
                 from ../src/include/global_def.h:34,
                 from ../src/include/poly.h:5,
                 from ../src/include/polyvec.h:6,
                 from ../src/include/indcpa.h:6,
                 from ../src/include/indcpa.c:4:
../src/include/global_def.h:153:1: warning: multi-line comment [-Wcomment]
 //#define print_debug(debugLevel, ...) \
 ^
In file included from ../src/include/poly.h:5,
                 from ../src/include/polyvec.h:6,
                 from ../src/include/indcpa.h:6,
                 from ../src/include/indcpa.c:4:
../src/include/global_def.h:153:1: warning: multi-line comment [-Wcomment]
 //#define print_debug(debugLevel, ...) \
 ^
Finished building: ../src/include/indcpa.c
 
Building file: ../src/include/kem.c
Invoking: ARM v7 gcc compiler
arm-none-eabi-gcc -Wall -O0 -g3 -c -fmessage-length=0 -MT"src/include/kem.o" -mcpu=cortex-a9 -mfpu=vfpv3 -mfloat-abi=hard -I../../kyber-client_bsp/ps7_cortexa9_0/include -MMD -MP -MF"src/include/kem.d" -MT"src/include/kem.o" -o "src/include/kem.o" "../src/include/kem.c"
In file included from ../src/include/test_kem.h:16,
                 from ../src/include/global_def.h:34,
                 from ../src/include/poly.h:5,
                 from ../src/include/polyvec.h:6,
                 from ../src/include/indcpa.h:6,
                 from ../src/include/kem.c:5:
../src/include/global_def.h:153:1: warning: multi-line comment [-Wcomment]
 //#define print_debug(debugLevel, ...) \
 ^
In file included from ../src/include/poly.h:5,
                 from ../src/include/polyvec.h:6,
                 from ../src/include/indcpa.h:6,
                 from ../src/include/kem.c:5:
../src/include/global_def.h:153:1: warning: multi-line comment [-Wcomment]
 //#define print_debug(debugLevel, ...) \
 ^
Finished building: ../src/include/kem.c
 
Building file: ../src/include/ntt.c
Invoking: ARM v7 gcc compiler
arm-none-eabi-gcc -Wall -O0 -g3 -c -fmessage-length=0 -MT"src/include/ntt.o" -mcpu=cortex-a9 -mfpu=vfpv3 -mfloat-abi=hard -I../../kyber-client_bsp/ps7_cortexa9_0/include -MMD -MP -MF"src/include/ntt.d" -MT"src/include/ntt.o" -o "src/include/ntt.o" "../src/include/ntt.c"
In file included from ../src/include/test_kem.h:16,
                 from ../src/include/global_def.h:34,
                 from ../src/include/reduce.h:6,
                 from ../src/include/ntt.c:4:
../src/include/global_def.h:153:1: warning: multi-line comment [-Wcomment]
 //#define print_debug(debugLevel, ...) \
 ^
In file included from ../src/include/reduce.h:6,
                 from ../src/include/ntt.c:4:
../src/include/global_def.h:153:1: warning: multi-line comment [-Wcomment]
 //#define print_debug(debugLevel, ...) \
 ^
Finished building: ../src/include/ntt.c
 
Building file: ../src/include/poly.c
Invoking: ARM v7 gcc compiler
arm-none-eabi-gcc -Wall -O0 -g3 -c -fmessage-length=0 -MT"src/include/poly.o" -mcpu=cortex-a9 -mfpu=vfpv3 -mfloat-abi=hard -I../../kyber-client_bsp/ps7_cortexa9_0/include -MMD -MP -MF"src/include/poly.d" -MT"src/include/poly.o" -o "src/include/poly.o" "../src/include/poly.c"
In file included from ../src/include/test_kem.h:16,
                 from ../src/include/global_def.h:34,
                 from ../src/include/poly.h:5,
                 from ../src/include/poly.c:3:
../src/include/global_def.h:153:1: warning: multi-line comment [-Wcomment]
 //#define print_debug(debugLevel, ...) \
 ^
In file included from ../src/include/poly.h:5,
                 from ../src/include/poly.c:3:
../src/include/global_def.h:153:1: warning: multi-line comment [-Wcomment]
 //#define print_debug(debugLevel, ...) \
 ^
Finished building: ../src/include/poly.c
 
Building file: ../src/include/polyvec.c
Invoking: ARM v7 gcc compiler
arm-none-eabi-gcc -Wall -O0 -g3 -c -fmessage-length=0 -MT"src/include/polyvec.o" -mcpu=cortex-a9 -mfpu=vfpv3 -mfloat-abi=hard -I../../kyber-client_bsp/ps7_cortexa9_0/include -MMD -MP -MF"src/include/polyvec.d" -MT"src/include/polyvec.o" -o "src/include/polyvec.o" "../src/include/polyvec.c"
In file included from ../src/include/test_kem.h:16,
                 from ../src/include/global_def.h:34,
                 from ../src/include/poly.h:5,
                 from ../src/include/polyvec.c:3:
../src/include/global_def.h:153:1: warning: multi-line comment [-Wcomment]
 //#define print_debug(debugLevel, ...) \
 ^
In file included from ../src/include/poly.h:5,
                 from ../src/include/polyvec.c:3:
../src/include/global_def.h:153:1: warning: multi-line comment [-Wcomment]
 //#define print_debug(debugLevel, ...) \
 ^
Finished building: ../src/include/polyvec.c
 
Building file: ../src/include/reduce.c
Invoking: ARM v7 gcc compiler
arm-none-eabi-gcc -Wall -O0 -g3 -c -fmessage-length=0 -MT"src/include/reduce.o" -mcpu=cortex-a9 -mfpu=vfpv3 -mfloat-abi=hard -I../../kyber-client_bsp/ps7_cortexa9_0/include -MMD -MP -MF"src/include/reduce.d" -MT"src/include/reduce.o" -o "src/include/reduce.o" "../src/include/reduce.c"
In file included from ../src/include/test_kem.h:16,
                 from ../src/include/global_def.h:34,
                 from ../src/include/reduce.h:6,
                 from ../src/include/reduce.c:3:
../src/include/global_def.h:153:1: warning: multi-line comment [-Wcomment]
 //#define print_debug(debugLevel, ...) \
 ^
In file included from ../src/include/reduce.h:6,
                 from ../src/include/reduce.c:3:
../src/include/global_def.h:153:1: warning: multi-line comment [-Wcomment]
 //#define print_debug(debugLevel, ...) \
 ^
Finished building: ../src/include/reduce.c
 
Building file: ../src/include/symmetric-aes.c
Invoking: ARM v7 gcc compiler
arm-none-eabi-gcc -Wall -O0 -g3 -c -fmessage-length=0 -MT"src/include/symmetric-aes.o" -mcpu=cortex-a9 -mfpu=vfpv3 -mfloat-abi=hard -I../../kyber-client_bsp/ps7_cortexa9_0/include -MMD -MP -MF"src/include/symmetric-aes.d" -MT"src/include/symmetric-aes.o" -o "src/include/symmetric-aes.o" "../src/include/symmetric-aes.c"
In file included from ../src/include/test_kem.h:16,
                 from ../src/include/global_def.h:34,
                 from ../src/include/fips202.h:6,
                 from ../src/include/symmetric.h:36,
                 from ../src/include/symmetric-aes.c:4:
../src/include/global_def.h:153:1: warning: multi-line comment [-Wcomment]
 //#define print_debug(debugLevel, ...) \
 ^
In file included from ../src/include/fips202.h:6,
                 from ../src/include/symmetric.h:36,
                 from ../src/include/symmetric-aes.c:4:
../src/include/global_def.h:153:1: warning: multi-line comment [-Wcomment]
 //#define print_debug(debugLevel, ...) \
 ^
Finished building: ../src/include/symmetric-aes.c
 
Building file: ../src/include/symmetric-shake.c
Invoking: ARM v7 gcc compiler
arm-none-eabi-gcc -Wall -O0 -g3 -c -fmessage-length=0 -MT"src/include/symmetric-shake.o" -mcpu=cortex-a9 -mfpu=vfpv3 -mfloat-abi=hard -I../../kyber-client_bsp/ps7_cortexa9_0/include -MMD -MP -MF"src/include/symmetric-shake.d" -MT"src/include/symmetric-shake.o" -o "src/include/symmetric-shake.o" "../src/include/symmetric-shake.c"
In file included from ../src/include/test_kem.h:16,
                 from ../src/include/global_def.h:34,
                 from ../src/include/fips202.h:6,
                 from ../src/include/symmetric.h:36,
                 from ../src/include/symmetric-shake.c:5:
../src/include/global_def.h:153:1: warning: multi-line comment [-Wcomment]
 //#define print_debug(debugLevel, ...) \
 ^
In file included from ../src/include/fips202.h:6,
                 from ../src/include/symmetric.h:36,
                 from ../src/include/symmetric-shake.c:5:
../src/include/global_def.h:153:1: warning: multi-line comment [-Wcomment]
 //#define print_debug(debugLevel, ...) \
 ^
Finished building: ../src/include/symmetric-shake.c
 
Building file: ../src/include/test_kem.c
Invoking: ARM v7 gcc compiler
arm-none-eabi-gcc -Wall -O0 -g3 -c -fmessage-length=0 -MT"src/include/test_kem.o" -mcpu=cortex-a9 -mfpu=vfpv3 -mfloat-abi=hard -I../../kyber-client_bsp/ps7_cortexa9_0/include -MMD -MP -MF"src/include/test_kem.d" -MT"src/include/test_kem.o" -o "src/include/test_kem.o" "../src/include/test_kem.c"
In file included from ../src/include/reduce.h:6,
                 from ../src/include/global_def.h:36,
                 from ../src/include/test_kem.h:16,
                 from ../src/include/test_kem.c:9:
../src/include/global_def.h:153:1: warning: multi-line comment [-Wcomment]
 //#define print_debug(debugLevel, ...) \
 ^
In file included from ../src/include/test_kem.h:16,
                 from ../src/include/test_kem.c:9:
../src/include/global_def.h:153:1: warning: multi-line comment [-Wcomment]
 //#define print_debug(debugLevel, ...) \
 ^
Finished building: ../src/include/test_kem.c
 
Building file: ../src/include/weg_smw3000.c
Invoking: ARM v7 gcc compiler
arm-none-eabi-gcc -Wall -O0 -g3 -c -fmessage-length=0 -MT"src/include/weg_smw3000.o" -mcpu=cortex-a9 -mfpu=vfpv3 -mfloat-abi=hard -I../../kyber-client_bsp/ps7_cortexa9_0/include -MMD -MP -MF"src/include/weg_smw3000.d" -MT"src/include/weg_smw3000.o" -o "src/include/weg_smw3000.o" "../src/include/weg_smw3000.c"
In file included from ../src/include/test_kem.h:16,
                 from ../src/include/global_def.h:34,
                 from ../src/include/weg_smw3000.h:11,
                 from ../src/include/weg_smw3000.c:8:
../src/include/global_def.h:153:1: warning: multi-line comment [-Wcomment]
 //#define print_debug(debugLevel, ...) \
 ^
In file included from ../src/include/weg_smw3000.h:11,
                 from ../src/include/weg_smw3000.c:8:
../src/include/global_def.h:153:1: warning: multi-line comment [-Wcomment]
 //#define print_debug(debugLevel, ...) \
 ^
../src/include/weg_smw3000.c: In function 'smw3000GetControlStruct':
../src/include/global_def.h:162:11: warning: format '%x' expects argument of type 'unsigned int', but argument 5 has type 'smControlStruct *' {aka 'struct smControlStruct *'} [-Wformat=]
    printf("%s:%d:%s() | " fmt, __FILE__, __LINE__, __func__, ## __VA_ARGS__); \
           ^~~~~~~~~~~~~~~
../src/include/weg_smw3000.c:147:2: note: in expansion of macro 'print_debug'
  print_debug(DEBUG_UART_LVL0, "SM Control structure pointer: 0x%08x\r\n", &smControl);
  ^~~~~~~~~~~
../src/include/weg_smw3000.c:147:67: note: format string is defined here
  print_debug(DEBUG_UART_LVL0, "SM Control structure pointer: 0x%08x\r\n", &smControl);
                                                                ~~~^
In file included from ../src/include/weg_smw3000.h:11,
                 from ../src/include/weg_smw3000.c:8:
../src/include/weg_smw3000.c: In function 'smw3000GetLineVoltage':
../src/include/global_def.h:162:11: warning: format '%d' expects argument of type 'int', but argument 5 has type 'u32' {aka 'long unsigned int'} [-Wformat=]
    printf("%s:%d:%s() | " fmt, __FILE__, __LINE__, __func__, ## __VA_ARGS__); \
           ^~~~~~~~~~~~~~~
../src/include/weg_smw3000.c:475:3: note: in expansion of macro 'print_debug'
   print_debug(DEBUG_UART_LVL1, "L1 voltage acquired: %d mV.\r\n", smData.u32VoltageL1);
   ^~~~~~~~~~~
../src/include/weg_smw3000.c:475:55: note: format string is defined here
   print_debug(DEBUG_UART_LVL1, "L1 voltage acquired: %d mV.\r\n", smData.u32VoltageL1);
                                                      ~^
                                                      %ld
In file included from ../src/include/weg_smw3000.h:11,
                 from ../src/include/weg_smw3000.c:8:
../src/include/global_def.h:162:11: warning: format '%d' expects argument of type 'int', but argument 5 has type 'u32' {aka 'long unsigned int'} [-Wformat=]
    printf("%s:%d:%s() | " fmt, __FILE__, __LINE__, __func__, ## __VA_ARGS__); \
           ^~~~~~~~~~~~~~~
../src/include/weg_smw3000.c:480:3: note: in expansion of macro 'print_debug'
   print_debug(DEBUG_UART_LVL1, "L2 voltage acquired: %d mV.\r\n", smData.u32VoltageL2);
   ^~~~~~~~~~~
../src/include/weg_smw3000.c:480:55: note: format string is defined here
   print_debug(DEBUG_UART_LVL1, "L2 voltage acquired: %d mV.\r\n", smData.u32VoltageL2);
                                                      ~^
                                                      %ld
In file included from ../src/include/weg_smw3000.h:11,
                 from ../src/include/weg_smw3000.c:8:
../src/include/global_def.h:162:11: warning: format '%d' expects argument of type 'int', but argument 5 has type 'u32' {aka 'long unsigned int'} [-Wformat=]
    printf("%s:%d:%s() | " fmt, __FILE__, __LINE__, __func__, ## __VA_ARGS__); \
           ^~~~~~~~~~~~~~~
../src/include/weg_smw3000.c:485:3: note: in expansion of macro 'print_debug'
   print_debug(DEBUG_UART_LVL1, "L3 voltage acquired: %d mV.\r\n", smData.u32VoltageL3);
   ^~~~~~~~~~~
../src/include/weg_smw3000.c:485:55: note: format string is defined here
   print_debug(DEBUG_UART_LVL1, "L3 voltage acquired: %d mV.\r\n", smData.u32VoltageL3);
                                                      ~^
                                                      %ld
In file included from ../src/include/weg_smw3000.h:11,
                 from ../src/include/weg_smw3000.c:8:
../src/include/global_def.h:162:11: warning: format '%d' expects argument of type 'int', but argument 5 has type 'u32' {aka 'long unsigned int'} [-Wformat=]
    printf("%s:%d:%s() | " fmt, __FILE__, __LINE__, __func__, ## __VA_ARGS__); \
           ^~~~~~~~~~~~~~~
../src/include/weg_smw3000.c:490:3: note: in expansion of macro 'print_debug'
   print_debug(DEBUG_UART_LVL1, "L1 voltage acquired: %d mV.\r\n", smData.u32VoltageL1);
   ^~~~~~~~~~~
../src/include/weg_smw3000.c:490:55: note: format string is defined here
   print_debug(DEBUG_UART_LVL1, "L1 voltage acquired: %d mV.\r\n", smData.u32VoltageL1);
                                                      ~^
                                                      %ld
In file included from ../src/include/weg_smw3000.h:11,
                 from ../src/include/weg_smw3000.c:8:
../src/include/weg_smw3000.c: In function 'smw3000GetLineCurrent':
../src/include/global_def.h:162:11: warning: format '%d' expects argument of type 'int', but argument 5 has type 'u32' {aka 'long unsigned int'} [-Wformat=]
    printf("%s:%d:%s() | " fmt, __FILE__, __LINE__, __func__, ## __VA_ARGS__); \
           ^~~~~~~~~~~~~~~
../src/include/weg_smw3000.c:571:3: note: in expansion of macro 'print_debug'
   print_debug(DEBUG_UART_LVL1, "L1 current acquired: %d mA.\r\n", smData.u32CurrentL1);
   ^~~~~~~~~~~
../src/include/weg_smw3000.c:571:55: note: format string is defined here
   print_debug(DEBUG_UART_LVL1, "L1 current acquired: %d mA.\r\n", smData.u32CurrentL1);
                                                      ~^
                                                      %ld
In file included from ../src/include/weg_smw3000.h:11,
                 from ../src/include/weg_smw3000.c:8:
../src/include/global_def.h:162:11: warning: format '%d' expects argument of type 'int', but argument 5 has type 'u32' {aka 'long unsigned int'} [-Wformat=]
    printf("%s:%d:%s() | " fmt, __FILE__, __LINE__, __func__, ## __VA_ARGS__); \
           ^~~~~~~~~~~~~~~
../src/include/weg_smw3000.c:576:3: note: in expansion of macro 'print_debug'
   print_debug(DEBUG_UART_LVL1, "L2 current acquired: %d mA.\r\n", smData.u32CurrentL2);
   ^~~~~~~~~~~
../src/include/weg_smw3000.c:576:55: note: format string is defined here
   print_debug(DEBUG_UART_LVL1, "L2 current acquired: %d mA.\r\n", smData.u32CurrentL2);
                                                      ~^
                                                      %ld
In file included from ../src/include/weg_smw3000.h:11,
                 from ../src/include/weg_smw3000.c:8:
../src/include/global_def.h:162:11: warning: format '%d' expects argument of type 'int', but argument 5 has type 'u32' {aka 'long unsigned int'} [-Wformat=]
    printf("%s:%d:%s() | " fmt, __FILE__, __LINE__, __func__, ## __VA_ARGS__); \
           ^~~~~~~~~~~~~~~
../src/include/weg_smw3000.c:581:3: note: in expansion of macro 'print_debug'
   print_debug(DEBUG_UART_LVL1, "L3 current acquired: %d mA.\r\n", smData.u32CurrentL3);
   ^~~~~~~~~~~
../src/include/weg_smw3000.c:581:55: note: format string is defined here
   print_debug(DEBUG_UART_LVL1, "L3 current acquired: %d mA.\r\n", smData.u32CurrentL3);
                                                      ~^
                                                      %ld
In file included from ../src/include/weg_smw3000.h:11,
                 from ../src/include/weg_smw3000.c:8:
../src/include/global_def.h:162:11: warning: format '%d' expects argument of type 'int', but argument 5 has type 'u32' {aka 'long unsigned int'} [-Wformat=]
    printf("%s:%d:%s() | " fmt, __FILE__, __LINE__, __func__, ## __VA_ARGS__); \
           ^~~~~~~~~~~~~~~
../src/include/weg_smw3000.c:586:3: note: in expansion of macro 'print_debug'
   print_debug(DEBUG_UART_LVL1, "Neutral current acquired: %d mA.\r\n", smData.u32CurrentN);
   ^~~~~~~~~~~
../src/include/weg_smw3000.c:586:60: note: format string is defined here
   print_debug(DEBUG_UART_LVL1, "Neutral current acquired: %d mA.\r\n", smData.u32CurrentN);
                                                           ~^
                                                           %ld
In file included from ../src/include/weg_smw3000.h:11,
                 from ../src/include/weg_smw3000.c:8:
../src/include/global_def.h:162:11: warning: format '%d' expects argument of type 'int', but argument 5 has type 'u32' {aka 'long unsigned int'} [-Wformat=]
    printf("%s:%d:%s() | " fmt, __FILE__, __LINE__, __func__, ## __VA_ARGS__); \
           ^~~~~~~~~~~~~~~
../src/include/weg_smw3000.c:591:3: note: in expansion of macro 'print_debug'
   print_debug(DEBUG_UART_LVL1, "L1 current acquired: %d mA.\r\n", smData.u32CurrentL1);
   ^~~~~~~~~~~
../src/include/weg_smw3000.c:591:55: note: format string is defined here
   print_debug(DEBUG_UART_LVL1, "L1 current acquired: %d mA.\r\n", smData.u32CurrentL1);
                                                      ~^
                                                      %ld
In file included from ../src/include/weg_smw3000.h:11,
                 from ../src/include/weg_smw3000.c:8:
../src/include/weg_smw3000.c: In function 'smw3000SendBuffer':
../src/include/global_def.h:162:11: warning: format '%d' expects argument of type 'int', but argument 5 has type 'u32' {aka 'long unsigned int'} [-Wformat=]
    printf("%s:%d:%s() | " fmt, __FILE__, __LINE__, __func__, ## __VA_ARGS__); \
           ^~~~~~~~~~~~~~~
../src/include/weg_smw3000.c:611:2: note: in expansion of macro 'print_debug'
  print_debug(DEBUG_UART_LVL0, "Sending (len: %d): ", smBuffer.u32TxBufferLen);
  ^~~~~~~~~~~
../src/include/weg_smw3000.c:611:47: note: format string is defined here
  print_debug(DEBUG_UART_LVL0, "Sending (len: %d): ", smBuffer.u32TxBufferLen);
                                              ~^
                                              %ld
In file included from ../src/include/weg_smw3000.h:11,
                 from ../src/include/weg_smw3000.c:8:
../src/include/weg_smw3000.c: In function 'smw3000PrintRxBuffer':
../src/include/global_def.h:162:11: warning: format '%d' expects argument of type 'int', but argument 5 has type 'u32' {aka 'long unsigned int'} [-Wformat=]
    printf("%s:%d:%s() | " fmt, __FILE__, __LINE__, __func__, ## __VA_ARGS__); \
           ^~~~~~~~~~~~~~~
../src/include/weg_smw3000.c:711:2: note: in expansion of macro 'print_debug'
  print_debug(DEBUG_UART_LVL0, "RX Buffer (len %d): ", smBuffer.u32RxBufferLen);
  ^~~~~~~~~~~
../src/include/weg_smw3000.c:711:48: note: format string is defined here
  print_debug(DEBUG_UART_LVL0, "RX Buffer (len %d): ", smBuffer.u32RxBufferLen);
                                               ~^
                                               %ld
At top level:
../src/include/weg_smw3000.c:13:21: warning: 'smDataCiphered' defined but not used [-Wunused-variable]
 static smDataStruct smDataCiphered;
                     ^~~~~~~~~~~~~~
Finished building: ../src/include/weg_smw3000.c
 
Building file: ../src/main.c
Invoking: ARM v7 gcc compiler
arm-none-eabi-gcc -Wall -O0 -g3 -c -fmessage-length=0 -MT"src/main.o" -mcpu=cortex-a9 -mfpu=vfpv3 -mfloat-abi=hard -I../../kyber-client_bsp/ps7_cortexa9_0/include -MMD -MP -MF"src/main.d" -MT"src/main.o" -o "src/main.o" "../src/main.c"
In file included from ../src/include/test_kem.h:16,
                 from ../src/include/global_def.h:34,
                 from ../src/main.c:30:
../src/include/global_def.h:153:1: warning: multi-line comment [-Wcomment]
 //#define print_debug(debugLevel, ...) \
 ^
In file included from ../src/main.c:30:
../src/include/global_def.h:153:1: warning: multi-line comment [-Wcomment]
 //#define print_debug(debugLevel, ...) \
 ^
In file included from ../src/main.c:30:
../src/main.c: In function 'main':
../src/include/global_def.h:162:11: warning: format '%x' expects argument of type 'unsigned int', but argument 5 has type 'u32' {aka 'long unsigned int'} [-Wformat=]
    printf("%s:%d:%s() | " fmt, __FILE__, __LINE__, __func__, ## __VA_ARGS__); \
           ^~~~~~~~~~~~~~~
../src/main.c:393:5: note: in expansion of macro 'print_debug'
     print_debug(DEBUG_MAIN, "Failed to get data (rv: 0x%08x).\r\n", rv);
     ^~~~~~~~~~~
../src/main.c:393:59: note: format string is defined here
     print_debug(DEBUG_MAIN, "Failed to get data (rv: 0x%08x).\r\n", rv);
                                                        ~~~^
                                                        %08lx
Finished building: ../src/main.c
 
Building file: ../src/tcp_perf_client.c
Invoking: ARM v7 gcc compiler
arm-none-eabi-gcc -Wall -O0 -g3 -c -fmessage-length=0 -MT"src/tcp_perf_client.o" -mcpu=cortex-a9 -mfpu=vfpv3 -mfloat-abi=hard -I../../kyber-client_bsp/ps7_cortexa9_0/include -MMD -MP -MF"src/tcp_perf_client.d" -MT"src/tcp_perf_client.o" -o "src/tcp_perf_client.o" "../src/tcp_perf_client.c"
In file included from ../src/include/test_kem.h:16,
                 from ../src/include/global_def.h:34,
                 from ../src/tcp_perf_client.c:32:
../src/include/global_def.h:153:1: warning: multi-line comment [-Wcomment]
 //#define print_debug(debugLevel, ...) \
 ^
In file included from ../src/tcp_perf_client.c:32:
../src/include/global_def.h:153:1: warning: multi-line comment [-Wcomment]
 //#define print_debug(debugLevel, ...) \
 ^
Finished building: ../src/tcp_perf_client.c
 
Building target: kyber-client.elf
Invoking: ARM v7 gcc linker
arm-none-eabi-gcc -mcpu=cortex-a9 -mfpu=vfpv3 -mfloat-abi=hard -Wl,-build-id=none -specs=Xilinx.spec -Wl,-T -Wl,../src/lscript.ld -L../../kyber-client_bsp/ps7_cortexa9_0/lib -o "kyber-client.elf"  ./src/include/aes256ctr.o ./src/include/cbd.o ./src/include/fips202.o ./src/include/global_func.o ./src/include/indcpa.o ./src/include/kem.o ./src/include/ntt.o ./src/include/poly.o ./src/include/polyvec.o ./src/include/randombytes.o ./src/include/reduce.o ./src/include/sha256.o ./src/include/sha512.o ./src/include/symmetric-aes.o ./src/include/symmetric-shake.o ./src/include/test_kem.o ./src/include/verify.o ./src/include/weg_smw3000.o  ./src/i2c_access.o ./src/iic_phyreset.o ./src/main.o ./src/platform.o ./src/platform_mb.o ./src/platform_zynq.o ./src/platform_zynqmp.o ./src/sfp.o ./src/si5324.o ./src/tcp_perf_client.o   -Wl,--start-group,-lxil,-lgcc,-lc,--end-group -Wl,--start-group,-lxil,-llwip4,-lgcc,-lc,--end-group
Finished building target: kyber-client.elf
 
Invoking: ARM v7 Print Size
arm-none-eabi-size kyber-client.elf  |tee "kyber-client.elf.size"
   text	   data	    bss	    dec	    hex	filename
 429352	   3776	31578400	32011528	1e87508	kyber-client.elf
Finished building: kyber-client.elf.size
 
